This file contains any messages produced by compilers while
running configure, to aid debugging if configure makes a mistake.

It was created by rnnoise configure unknown, which was
generated by GNU Autoconf 2.69.  Invocation command line was

  $ ./configure 

## --------- ##
## Platform. ##
## --------- ##

hostname = chuck-chuck
uname -m = x86_64
uname -r = 4.4.0-174-generic
uname -s = Linux
uname -v = #204-Ubuntu SMP Wed Jan 29 06:41:01 UTC 2020

/usr/bin/uname -p = unknown
/bin/uname -X     = unknown

/bin/arch              = unknown
/usr/bin/arch -k       = unknown
/usr/convex/getsysinfo = unknown
/usr/bin/hostinfo      = unknown
/bin/machine           = unknown
/usr/bin/oslevel       = unknown
/bin/universe          = unknown

PATH: /usr/local/sbin
PATH: /usr/local/bin
PATH: /usr/sbin
PATH: /usr/bin
PATH: /sbin
PATH: /bin
PATH: /usr/games
PATH: /usr/local/games
PATH: /snap/bin


## ----------- ##
## Core tests. ##
## ----------- ##

configure:2336: checking for gcc
configure:2352: found /usr/bin/gcc
configure:2363: result: gcc
configure:2592: checking for C compiler version
configure:2601: gcc --version >&5
gcc (Ubuntu 5.4.0-6ubuntu1~16.04.12) 5.4.0 20160609
Copyright (C) 2015 Free Software Foundation, Inc.
This is free software; see the source for copying conditions.  There is NO
warranty; not even for MERCHANTABILITY or FITNESS FOR A PARTICULAR PURPOSE.

configure:2612: $? = 0
configure:2601: gcc -v >&5
Using built-in specs.
COLLECT_GCC=gcc
COLLECT_LTO_WRAPPER=/usr/lib/gcc/x86_64-linux-gnu/5/lto-wrapper
Target: x86_64-linux-gnu
Configured with: ../src/configure -v --with-pkgversion='Ubuntu 5.4.0-6ubuntu1~16.04.12' --with-bugurl=file:///usr/share/doc/gcc-5/README.Bugs --enable-languages=c,ada,c++,java,go,d,fortran,objc,obj-c++ --prefix=/usr --program-suffix=-5 --enable-shared --enable-linker-build-id --libexecdir=/usr/lib --without-included-gettext --enable-threads=posix --libdir=/usr/lib --enable-nls --with-sysroot=/ --enable-clocale=gnu --enable-libstdcxx-debug --enable-libstdcxx-time=yes --with-default-libstdcxx-abi=new --enable-gnu-unique-object --disable-vtable-verify --enable-libmpx --enable-plugin --with-system-zlib --disable-browser-plugin --enable-java-awt=gtk --enable-gtk-cairo --with-java-home=/usr/lib/jvm/java-1.5.0-gcj-5-amd64/jre --enable-java-home --with-jvm-root-dir=/usr/lib/jvm/java-1.5.0-gcj-5-amd64 --with-jvm-jar-dir=/usr/lib/jvm-exports/java-1.5.0-gcj-5-amd64 --with-arch-directory=amd64 --with-ecj-jar=/usr/share/java/eclipse-ecj.jar --enable-objc-gc --enable-multiarch --disable-werror --with-arch-32=i686 --with-abi=m64 --with-multilib-list=m32,m64,mx32 --enable-multilib --with-tune=generic --enable-checking=release --build=x86_64-linux-gnu --host=x86_64-linux-gnu --target=x86_64-linux-gnu
Thread model: posix
gcc version 5.4.0 20160609 (Ubuntu 5.4.0-6ubuntu1~16.04.12) 
configure:2612: $? = 0
configure:2601: gcc -V >&5
gcc: error: unrecognized command line option '-V'
gcc: fatal error: no input files
compilation terminated.
configure:2612: $? = 1
configure:2601: gcc -qversion >&5
gcc: error: unrecognized command line option '-qversion'
gcc: fatal error: no input files
compilation terminated.
configure:2612: $? = 1
configure:2632: checking whether the C compiler works
configure:2654: gcc    conftest.c  >&5
configure:2658: $? = 0
configure:2706: result: yes
configure:2709: checking for C compiler default output file name
configure:2711: result: a.out
configure:2717: checking for suffix of executables
configure:2724: gcc -o conftest    conftest.c  >&5
configure:2728: $? = 0
configure:2750: result: 
configure:2772: checking whether we are cross compiling
configure:2780: gcc -o conftest    conftest.c  >&5
configure:2784: $? = 0
configure:2791: ./conftest
configure:2795: $? = 0
configure:2810: result: no
configure:2815: checking for suffix of object files
configure:2837: gcc -c   conftest.c >&5
configure:2841: $? = 0
configure:2862: result: o
configure:2866: checking whether we are using the GNU C compiler
configure:2885: gcc -c   conftest.c >&5
configure:2885: $? = 0
configure:2894: result: yes
configure:2903: checking whether gcc accepts -g
configure:2923: gcc -c -g  conftest.c >&5
configure:2923: $? = 0
configure:2964: result: yes
configure:2981: checking for gcc option to accept ISO C89
configure:3044: gcc  -c -g -O2  conftest.c >&5
configure:3044: $? = 0
configure:3057: result: none needed
configure:3082: checking whether gcc understands -c and -o together
configure:3104: gcc -c conftest.c -o conftest2.o
configure:3107: $? = 0
configure:3104: gcc -c conftest.c -o conftest2.o
configure:3107: $? = 0
configure:3119: result: yes
configure:3142: checking how to run the C preprocessor
configure:3173: gcc -E  conftest.c
configure:3173: $? = 0
configure:3187: gcc -E  conftest.c
conftest.c:9:28: fatal error: ac_nonexistent.h: No such file or directory
compilation terminated.
configure:3187: $? = 1
configure: failed program was:
| /* confdefs.h */
| #define PACKAGE_NAME "rnnoise"
| #define PACKAGE_TARNAME "rnnoise"
| #define PACKAGE_VERSION "unknown"
| #define PACKAGE_STRING "rnnoise unknown"
| #define PACKAGE_BUGREPORT "jmvalin@jmvalin.ca"
| #define PACKAGE_URL ""
| /* end confdefs.h.  */
| #include <ac_nonexistent.h>
configure:3212: result: gcc -E
configure:3232: gcc -E  conftest.c
configure:3232: $? = 0
configure:3246: gcc -E  conftest.c
conftest.c:9:28: fatal error: ac_nonexistent.h: No such file or directory
compilation terminated.
configure:3246: $? = 1
configure: failed program was:
| /* confdefs.h */
| #define PACKAGE_NAME "rnnoise"
| #define PACKAGE_TARNAME "rnnoise"
| #define PACKAGE_VERSION "unknown"
| #define PACKAGE_STRING "rnnoise unknown"
| #define PACKAGE_BUGREPORT "jmvalin@jmvalin.ca"
| #define PACKAGE_URL ""
| /* end confdefs.h.  */
| #include <ac_nonexistent.h>
configure:3275: checking for grep that handles long lines and -e
configure:3333: result: /bin/grep
configure:3338: checking for egrep
configure:3400: result: /bin/grep -E
configure:3405: checking for ANSI C header files
configure:3425: gcc -c -g -O2  conftest.c >&5
configure:3425: $? = 0
configure:3498: gcc -o conftest -g -O2   conftest.c  >&5
configure:3498: $? = 0
configure:3498: ./conftest
configure:3498: $? = 0
configure:3509: result: yes
configure:3522: checking for sys/types.h
configure:3522: gcc -c -g -O2  conftest.c >&5
configure:3522: $? = 0
configure:3522: result: yes
configure:3522: checking for sys/stat.h
configure:3522: gcc -c -g -O2  conftest.c >&5
configure:3522: $? = 0
configure:3522: result: yes
configure:3522: checking for stdlib.h
configure:3522: gcc -c -g -O2  conftest.c >&5
configure:3522: $? = 0
configure:3522: result: yes
configure:3522: checking for string.h
configure:3522: gcc -c -g -O2  conftest.c >&5
configure:3522: $? = 0
configure:3522: result: yes
configure:3522: checking for memory.h
configure:3522: gcc -c -g -O2  conftest.c >&5
configure:3522: $? = 0
configure:3522: result: yes
configure:3522: checking for strings.h
configure:3522: gcc -c -g -O2  conftest.c >&5
configure:3522: $? = 0
configure:3522: result: yes
configure:3522: checking for inttypes.h
configure:3522: gcc -c -g -O2  conftest.c >&5
configure:3522: $? = 0
configure:3522: result: yes
configure:3522: checking for stdint.h
configure:3522: gcc -c -g -O2  conftest.c >&5
configure:3522: $? = 0
configure:3522: result: yes
configure:3522: checking for unistd.h
configure:3522: gcc -c -g -O2  conftest.c >&5
configure:3522: $? = 0
configure:3522: result: yes
configure:3535: checking minix/config.h usability
configure:3535: gcc -c -g -O2  conftest.c >&5
conftest.c:52:26: fatal error: minix/config.h: No such file or directory
compilation terminated.
configure:3535: $? = 1
configure: failed program was:
| /* confdefs.h */
| #define PACKAGE_NAME "rnnoise"
| #define PACKAGE_TARNAME "rnnoise"
| #define PACKAGE_VERSION "unknown"
| #define PACKAGE_STRING "rnnoise unknown"
| #define PACKAGE_BUGREPORT "jmvalin@jmvalin.ca"
| #define PACKAGE_URL ""
| #define STDC_HEADERS 1
| #define HAVE_SYS_TYPES_H 1
| #define HAVE_SYS_STAT_H 1
| #define HAVE_STDLIB_H 1
| #define HAVE_STRING_H 1
| #define HAVE_MEMORY_H 1
| #define HAVE_STRINGS_H 1
| #define HAVE_INTTYPES_H 1
| #define HAVE_STDINT_H 1
| #define HAVE_UNISTD_H 1
| /* end confdefs.h.  */
| #include <stdio.h>
| #ifdef HAVE_SYS_TYPES_H
| # include <sys/types.h>
| #endif
| #ifdef HAVE_SYS_STAT_H
| # include <sys/stat.h>
| #endif
| #ifdef STDC_HEADERS
| # include <stdlib.h>
| # include <stddef.h>
| #else
| # ifdef HAVE_STDLIB_H
| #  include <stdlib.h>
| # endif
| #endif
| #ifdef HAVE_STRING_H
| # if !defined STDC_HEADERS && defined HAVE_MEMORY_H
| #  include <memory.h>
| # endif
| # include <string.h>
| #endif
| #ifdef HAVE_STRINGS_H
| # include <strings.h>
| #endif
| #ifdef HAVE_INTTYPES_H
| # include <inttypes.h>
| #endif
| #ifdef HAVE_STDINT_H
| # include <stdint.h>
| #endif
| #ifdef HAVE_UNISTD_H
| # include <unistd.h>
| #endif
| #include <minix/config.h>
configure:3535: result: no
configure:3535: checking minix/config.h presence
configure:3535: gcc -E  conftest.c
conftest.c:19:26: fatal error: minix/config.h: No such file or directory
compilation terminated.
configure:3535: $? = 1
configure: failed program was:
| /* confdefs.h */
| #define PACKAGE_NAME "rnnoise"
| #define PACKAGE_TARNAME "rnnoise"
| #define PACKAGE_VERSION "unknown"
| #define PACKAGE_STRING "rnnoise unknown"
| #define PACKAGE_BUGREPORT "jmvalin@jmvalin.ca"
| #define PACKAGE_URL ""
| #define STDC_HEADERS 1
| #define HAVE_SYS_TYPES_H 1
| #define HAVE_SYS_STAT_H 1
| #define HAVE_STDLIB_H 1
| #define HAVE_STRING_H 1
| #define HAVE_MEMORY_H 1
| #define HAVE_STRINGS_H 1
| #define HAVE_INTTYPES_H 1
| #define HAVE_STDINT_H 1
| #define HAVE_UNISTD_H 1
| /* end confdefs.h.  */
| #include <minix/config.h>
configure:3535: result: no
configure:3535: checking for minix/config.h
configure:3535: result: no
configure:3556: checking whether it is safe to define __EXTENSIONS__
configure:3574: gcc -c -g -O2  conftest.c >&5
configure:3574: $? = 0
configure:3581: result: yes
configure:3602: checking for special C compiler options needed for large files
configure:3647: result: no
configure:3653: checking for _FILE_OFFSET_BITS value needed for large files
configure:3678: gcc -c -g -O2  conftest.c >&5
configure:3678: $? = 0
configure:3710: result: no
configure:3812: checking for a BSD-compatible install
configure:3880: result: /usr/bin/install -c
configure:3891: checking whether build environment is sane
configure:3946: result: yes
configure:4094: checking for a thread-safe mkdir -p
configure:4133: result: /bin/mkdir -p
configure:4140: checking for gawk
configure:4156: found /usr/bin/gawk
configure:4167: result: gawk
configure:4178: checking whether make sets $(MAKE)
configure:4200: result: yes
configure:4230: checking for style of include used by make
configure:4258: result: GNU
configure:4292: checking whether make supports nested variables
configure:4309: result: yes
configure:4385: checking dependency style of gcc
configure:4496: result: gcc3
configure:4555: checking whether to enable maintainer-specific portions of Makefiles
configure:4564: result: yes
configure:4578: checking for inline
configure:4594: gcc -c -g -O2  conftest.c >&5
configure:4594: $? = 0
configure:4602: result: inline
configure:4650: checking build system type
configure:4664: result: x86_64-pc-linux-gnu
configure:4684: checking host system type
configure:4697: result: x86_64-pc-linux-gnu
configure:4738: checking how to print strings
configure:4765: result: printf
configure:4786: checking for a sed that does not truncate output
configure:4850: result: /bin/sed
configure:4868: checking for fgrep
configure:4930: result: /bin/grep -F
configure:4965: checking for ld used by gcc
configure:5032: result: /usr/bin/ld
configure:5039: checking if the linker (/usr/bin/ld) is GNU ld
configure:5054: result: yes
configure:5066: checking for BSD- or MS-compatible name lister (nm)
configure:5120: result: /usr/bin/nm -B
configure:5250: checking the name lister (/usr/bin/nm -B) interface
configure:5257: gcc -c -g -O2  conftest.c >&5
configure:5260: /usr/bin/nm -B "conftest.o"
configure:5263: output
0000000000000000 B some_variable
configure:5270: result: BSD nm
configure:5273: checking whether ln -s works
configure:5277: result: yes
configure:5285: checking the maximum length of command line arguments
configure:5416: result: 1572864
configure:5464: checking how to convert x86_64-pc-linux-gnu file names to x86_64-pc-linux-gnu format
configure:5504: result: func_convert_file_noop
configure:5511: checking how to convert x86_64-pc-linux-gnu file names to toolchain format
configure:5531: result: func_convert_file_noop
configure:5538: checking for /usr/bin/ld option to reload object files
configure:5545: result: -r
configure:5619: checking for objdump
configure:5635: found /usr/bin/objdump
configure:5646: result: objdump
configure:5678: checking how to recognize dependent libraries
configure:5878: result: pass_all
configure:5963: checking for dlltool
configure:5993: result: no
configure:6023: checking how to associate runtime and link libraries
configure:6050: result: printf %s\n
configure:6110: checking for ar
configure:6126: found /usr/bin/ar
configure:6137: result: ar
configure:6174: checking for archiver @FILE support
configure:6191: gcc -c -g -O2  conftest.c >&5
configure:6191: $? = 0
configure:6194: ar cru libconftest.a @conftest.lst >&5
ar: `u' modifier ignored since `D' is the default (see `U')
configure:6197: $? = 0
configure:6202: ar cru libconftest.a @conftest.lst >&5
ar: `u' modifier ignored since `D' is the default (see `U')
ar: conftest.o: No such file or directory
configure:6205: $? = 1
configure:6217: result: @
configure:6275: checking for strip
configure:6291: found /usr/bin/strip
configure:6302: result: strip
configure:6374: checking for ranlib
configure:6390: found /usr/bin/ranlib
configure:6401: result: ranlib
configure:6503: checking command to parse /usr/bin/nm -B output from gcc object
configure:6656: gcc -c -g -O2  conftest.c >&5
configure:6659: $? = 0
configure:6663: /usr/bin/nm -B conftest.o \| sed -n -e 's/^.*[ ]\([ABCDGIRSTW][ABCDGIRSTW]*\)[ ][ ]*\([_A-Za-z][_A-Za-z0-9]*\)$/\1 \2 \2/p' | sed '/ __gnu_lto/d' \> conftest.nm
configure:6666: $? = 0
configure:6732: gcc -o conftest -g -O2   conftest.c conftstm.o >&5
configure:6735: $? = 0
configure:6773: result: ok
configure:6820: checking for sysroot
configure:6850: result: no
configure:6857: checking for a working dd
configure:6895: result: /bin/dd
configure:6899: checking how to truncate binary pipes
configure:6914: result: /bin/dd bs=4096 count=1
configure:7050: gcc -c -g -O2  conftest.c >&5
configure:7053: $? = 0
configure:7243: checking for mt
configure:7259: found /bin/mt
configure:7270: result: mt
configure:7293: checking if mt is a manifest tool
configure:7299: mt '-?'
configure:7307: result: no
configure:7981: checking for dlfcn.h
configure:7981: gcc -c -g -O2  conftest.c >&5
configure:7981: $? = 0
configure:7981: result: yes
configure:8237: checking for objdir
configure:8252: result: .libs
configure:8516: checking if gcc supports -fno-rtti -fno-exceptions
configure:8534: gcc -c -g -O2  -fno-rtti -fno-exceptions conftest.c >&5
cc1: warning: command line option '-fno-rtti' is valid for C++/ObjC++ but not for C
configure:8538: $? = 0
configure:8551: result: no
configure:8909: checking for gcc option to produce PIC
configure:8916: result: -fPIC -DPIC
configure:8924: checking if gcc PIC flag -fPIC -DPIC works
configure:8942: gcc -c -g -O2  -fPIC -DPIC -DPIC conftest.c >&5
configure:8946: $? = 0
configure:8959: result: yes
configure:8988: checking if gcc static flag -static works
configure:9016: result: yes
configure:9031: checking if gcc supports -c -o file.o
configure:9052: gcc -c -g -O2  -o out/conftest2.o conftest.c >&5
configure:9056: $? = 0
configure:9078: result: yes
configure:9086: checking if gcc supports -c -o file.o
configure:9133: result: yes
configure:9166: checking whether the gcc linker (/usr/bin/ld -m elf_x86_64) supports shared libraries
configure:10429: result: yes
configure:10466: checking whether -lc should be explicitly linked in
configure:10474: gcc -c -g -O2  conftest.c >&5
configure:10477: $? = 0
configure:10492: gcc -shared  -fPIC -DPIC conftest.o  -v -Wl,-soname -Wl,conftest -o conftest 2\>\&1 \| /bin/grep  -lc  \>/dev/null 2\>\&1
configure:10495: $? = 0
configure:10509: result: no
configure:10669: checking dynamic linker characteristics
configure:11250: gcc -o conftest -g -O2   -Wl,-rpath -Wl,/foo conftest.c  >&5
configure:11250: $? = 0
configure:11499: result: GNU/Linux ld.so
configure:11621: checking how to hardcode library paths into programs
configure:11646: result: immediate
configure:12194: checking whether stripping libraries is possible
configure:12199: result: yes
configure:12234: checking if libtool supports shared libraries
configure:12236: result: yes
configure:12239: checking whether to build shared libraries
configure:12264: result: yes
configure:12267: checking whether to build static libraries
configure:12271: result: yes
configure:12320: checking whether make supports nested variables
configure:12337: result: yes
configure:12365: checking if gcc supports -pedantic flag
configure:12380: gcc -o conftest -g -O2 -pedantic   conftest.c  >&5
configure:12380: $? = 0
configure:12398: result: yes
configure:12365: checking if gcc supports -Wall flag
configure:12380: gcc -o conftest -g -O2 -pedantic -Wall   conftest.c  >&5
configure:12380: $? = 0
configure:12398: result: yes
configure:12365: checking if gcc supports -Wextra flag
configure:12380: gcc -o conftest -g -O2 -pedantic -Wall -Wextra   conftest.c  >&5
configure:12380: $? = 0
configure:12398: result: yes
configure:12365: checking if gcc supports -Wno-sign-compare flag
configure:12380: gcc -o conftest -g -O2 -pedantic -Wall -Wextra -Wno-sign-compare   conftest.c  >&5
configure:12380: $? = 0
configure:12398: result: yes
configure:12365: checking if gcc supports -Wno-parentheses flag
configure:12380: gcc -o conftest -g -O2 -pedantic -Wall -Wextra -Wno-sign-compare -Wno-parentheses   conftest.c  >&5
configure:12380: $? = 0
configure:12398: result: yes
configure:12365: checking if gcc supports -Wno-long-long flag
configure:12380: gcc -o conftest -g -O2 -pedantic -Wall -Wextra -Wno-sign-compare -Wno-parentheses -Wno-long-long   conftest.c  >&5
configure:12380: $? = 0
configure:12398: result: yes
configure:12607: checking for cos in -lm
configure:12632: gcc -o conftest -g -O2 -pedantic -Wall -Wextra -Wno-sign-compare -Wno-parentheses -Wno-long-long   conftest.c -lm   >&5
conftest.c:34:6: warning: conflicting types for built-in function 'cos'
 char cos ();
      ^
configure:12632: $? = 0
configure:12641: result: yes
configure:12655: checking for gcc way to treat warnings as errors
configure:12670: gcc -o conftest -g -O2 -pedantic -Wall -Wextra -Wno-sign-compare -Wno-parentheses -Wno-long-long -Werror   conftest.c  >&5
configure:12670: $? = 0
configure:12715: result: -Werror
configure:12721: checking if gcc supports __attribute__(( visibility("default") ))
configure:12732: gcc -c -g -O2 -pedantic -Wall -Wextra -Wno-sign-compare -Wno-parentheses -Wno-long-long -Werror  conftest.c >&5
configure:12732: $? = 0
configure:12741: result: yes
configure:12751: checking if gcc supports -fvisibility=hidden
configure:12768: gcc -o conftest -g -O2 -pedantic -Wall -Wextra -Wno-sign-compare -Wno-parentheses -Wno-long-long -Werror -fvisibility=hidden   conftest.c  >&5
configure:12768: $? = 0
configure:12788: result: yes
configure:12816: checking for doxygen
configure:12844: result: no
configure:12854: checking for dot
configure:12882: result: no
configure:13019: checking that generated files are newer than configure
configure:13025: result: done
configure:13064: creating ./config.status

## ---------------------- ##
## Running config.status. ##
## ---------------------- ##

This file was extended by rnnoise config.status unknown, which was
generated by GNU Autoconf 2.69.  Invocation command line was

  CONFIG_FILES    = 
  CONFIG_HEADERS  = 
  CONFIG_LINKS    = 
  CONFIG_COMMANDS = 
  $ ./config.status 

on chuck-chuck

config.status:1109: creating Makefile
config.status:1109: creating rnnoise.pc
config.status:1109: creating rnnoise-uninstalled.pc
config.status:1109: creating doc/Doxyfile
config.status:1109: creating config.h
config.status:1338: executing depfiles commands
config.status:1338: executing libtool commands
configure:15222:
------------------------------------------------------------------------
  rnnoise unknown: Automatic configuration OK.

    Assertions ................... no

    Hidden visibility ............ yes

    API code examples ............ yes
    API documentation ............ yes
------------------------------------------------------------------------


## ---------------- ##
## Cache variables. ##
## ---------------- ##

ac_cv_build=x86_64-pc-linux-gnu
ac_cv_c_compiler_gnu=yes
ac_cv_c_inline=inline
ac_cv_env_CC_set=
ac_cv_env_CC_value=
ac_cv_env_CFLAGS_set=
ac_cv_env_CFLAGS_value=
ac_cv_env_CPPFLAGS_set=
ac_cv_env_CPPFLAGS_value=
ac_cv_env_CPP_set=
ac_cv_env_CPP_value=
ac_cv_env_LDFLAGS_set=
ac_cv_env_LDFLAGS_value=
ac_cv_env_LIBS_set=
ac_cv_env_LIBS_value=
ac_cv_env_LT_SYS_LIBRARY_PATH_set=
ac_cv_env_LT_SYS_LIBRARY_PATH_value=
ac_cv_env_build_alias_set=
ac_cv_env_build_alias_value=
ac_cv_env_host_alias_set=
ac_cv_env_host_alias_value=
ac_cv_env_target_alias_set=
ac_cv_env_target_alias_value=
ac_cv_header_dlfcn_h=yes
ac_cv_header_inttypes_h=yes
ac_cv_header_memory_h=yes
ac_cv_header_minix_config_h=no
ac_cv_header_stdc=yes
ac_cv_header_stdint_h=yes
ac_cv_header_stdlib_h=yes
ac_cv_header_string_h=yes
ac_cv_header_strings_h=yes
ac_cv_header_sys_stat_h=yes
ac_cv_header_sys_types_h=yes
ac_cv_header_unistd_h=yes
ac_cv_host=x86_64-pc-linux-gnu
ac_cv_lib_m_cos=yes
ac_cv_objext=o
ac_cv_path_EGREP='/bin/grep -E'
ac_cv_path_FGREP='/bin/grep -F'
ac_cv_path_GREP=/bin/grep
ac_cv_path_SED=/bin/sed
ac_cv_path_install='/usr/bin/install -c'
ac_cv_path_lt_DD=/bin/dd
ac_cv_path_mkdir=/bin/mkdir
ac_cv_prog_AWK=gawk
ac_cv_prog_CPP='gcc -E'
ac_cv_prog_HAVE_DOT=no
ac_cv_prog_HAVE_DOXYGEN=no
ac_cv_prog_ac_ct_AR=ar
ac_cv_prog_ac_ct_CC=gcc
ac_cv_prog_ac_ct_MANIFEST_TOOL=mt
ac_cv_prog_ac_ct_OBJDUMP=objdump
ac_cv_prog_ac_ct_RANLIB=ranlib
ac_cv_prog_ac_ct_STRIP=strip
ac_cv_prog_cc_c89=
ac_cv_prog_cc_g=yes
ac_cv_prog_make_make_set=yes
ac_cv_safe_to_define___extensions__=yes
ac_cv_sys_file_offset_bits=no
ac_cv_sys_largefile_CC=no
am_cv_CC_dependencies_compiler_type=gcc3
am_cv_make_support_nested_variables=yes
am_cv_prog_cc_c_o=yes
cc_cv_attribute_visibility_default=yes
cc_cv_cflags__Wall=yes
cc_cv_cflags__Werror=yes
cc_cv_cflags__Wextra=yes
cc_cv_cflags__Wno_long_long=yes
cc_cv_cflags__Wno_parentheses=yes
cc_cv_cflags__Wno_sign_compare=yes
cc_cv_cflags__fvisibility_hidden=yes
cc_cv_cflags__pedantic=yes
cc_cv_flag_visibility=yes
cc_cv_werror=-Werror
lt_cv_ar_at_file=@
lt_cv_archive_cmds_need_lc=no
lt_cv_deplibs_check_method=pass_all
lt_cv_file_magic_cmd='$MAGIC_CMD'
lt_cv_file_magic_test_file=
lt_cv_ld_reload_flag=-r
lt_cv_nm_interface='BSD nm'
lt_cv_objdir=.libs
lt_cv_path_LD=/usr/bin/ld
lt_cv_path_NM='/usr/bin/nm -B'
lt_cv_path_mainfest_tool=no
lt_cv_prog_compiler_c_o=yes
lt_cv_prog_compiler_pic='-fPIC -DPIC'
lt_cv_prog_compiler_pic_works=yes
lt_cv_prog_compiler_rtti_exceptions=no
lt_cv_prog_compiler_static_works=yes
lt_cv_prog_gnu_ld=yes
lt_cv_sharedlib_from_linklib_cmd='printf %s\n'
lt_cv_shlibpath_overrides_runpath=no
lt_cv_sys_global_symbol_pipe='sed -n -e '\''s/^.*[	 ]\([ABCDGIRSTW][ABCDGIRSTW]*\)[	 ][	 ]*\([_A-Za-z][_A-Za-z0-9]*\)$/\1 \2 \2/p'\'' | sed '\''/ __gnu_lto/d'\'''
lt_cv_sys_global_symbol_to_c_name_address='sed -n -e '\''s/^: \(.*\) .*$/  {"\1", (void *) 0},/p'\'' -e '\''s/^[ABCDGIRSTW][ABCDGIRSTW]* .* \(.*\)$/  {"\1", (void *) \&\1},/p'\'''
lt_cv_sys_global_symbol_to_c_name_address_lib_prefix='sed -n -e '\''s/^: \(.*\) .*$/  {"\1", (void *) 0},/p'\'' -e '\''s/^[ABCDGIRSTW][ABCDGIRSTW]* .* \(lib.*\)$/  {"\1", (void *) \&\1},/p'\'' -e '\''s/^[ABCDGIRSTW][ABCDGIRSTW]* .* \(.*\)$/  {"lib\1", (void *) \&\1},/p'\'''
lt_cv_sys_global_symbol_to_cdecl='sed -n -e '\''s/^T .* \(.*\)$/extern int \1();/p'\'' -e '\''s/^[ABCDGIRSTW][ABCDGIRSTW]* .* \(.*\)$/extern char \1;/p'\'''
lt_cv_sys_global_symbol_to_import=
lt_cv_sys_max_cmd_len=1572864
lt_cv_to_host_file_cmd=func_convert_file_noop
lt_cv_to_tool_file_cmd=func_convert_file_noop
lt_cv_truncate_bin='/bin/dd bs=4096 count=1'

## ----------------- ##
## Output variables. ##
## ----------------- ##

ACLOCAL='${SHELL} /root/test/rnnoise/missing aclocal-1.15'
AMDEPBACKSLASH='\'
AMDEP_FALSE='#'
AMDEP_TRUE=''
AMTAR='$${TAR-tar}'
AM_BACKSLASH='\'
AM_DEFAULT_V='$(AM_DEFAULT_VERBOSITY)'
AM_DEFAULT_VERBOSITY='0'
AM_V='$(V)'
AR='ar'
AUTOCONF='${SHELL} /root/test/rnnoise/missing autoconf'
AUTOHEADER='${SHELL} /root/test/rnnoise/missing autoheader'
AUTOMAKE='${SHELL} /root/test/rnnoise/missing automake-1.15'
AWK='gawk'
CC='gcc'
CCDEPMODE='depmode=gcc3'
CFLAGS='-g -O2 -pedantic -Wall -Wextra -Wno-sign-compare -Wno-parentheses -Wno-long-long -fvisibility=hidden'
CPP='gcc -E'
CPPFLAGS=''
CYGPATH_W='echo'
DEFS='-DHAVE_CONFIG_H'
DEPDIR='.deps'
DLLTOOL='false'
DSYMUTIL=''
DUMPBIN=''
ECHO_C=''
ECHO_N='-n'
ECHO_T=''
EGREP='/bin/grep -E'
EXEEXT=''
FGREP='/bin/grep -F'
GREP='/bin/grep'
HAVE_DOT='no'
HAVE_DOXYGEN='no'
HAVE_DOXYGEN_FALSE=''
HAVE_DOXYGEN_TRUE='#'
INSTALL_DATA='${INSTALL} -m 644'
INSTALL_PROGRAM='${INSTALL}'
INSTALL_SCRIPT='${INSTALL}'
INSTALL_STRIP_PROGRAM='$(install_sh) -c -s'
LD='/usr/bin/ld -m elf_x86_64'
LDFLAGS=''
LIBM='-lm'
LIBOBJS=''
LIBS=''
LIBTOOL='$(SHELL) $(top_builddir)/libtool'
LIPO=''
LN_S='ln -s'
LTLIBOBJS=''
LT_SYS_LIBRARY_PATH=''
MAINT=''
MAINTAINER_MODE_FALSE='#'
MAINTAINER_MODE_TRUE=''
MAKEINFO='${SHELL} /root/test/rnnoise/missing makeinfo'
MANIFEST_TOOL=':'
MKDIR_P='/bin/mkdir -p'
NM='/usr/bin/nm -B'
NMEDIT=''
OBJDUMP='objdump'
OBJEXT='o'
OP_ENABLE_EXAMPLES_FALSE='#'
OP_ENABLE_EXAMPLES_TRUE=''
OP_LT_AGE='4'
OP_LT_CURRENT='4'
OP_LT_REVISION='1'
OP_WIN32_FALSE=''
OP_WIN32_TRUE='#'
OTOOL64=''
OTOOL=''
PACKAGE='rnnoise'
PACKAGE_BUGREPORT='jmvalin@jmvalin.ca'
PACKAGE_NAME='rnnoise'
PACKAGE_STRING='rnnoise unknown'
PACKAGE_TARNAME='rnnoise'
PACKAGE_URL=''
PACKAGE_VERSION='unknown'
PATH_SEPARATOR=':'
RANLIB='ranlib'
SED='/bin/sed'
SET_MAKE=''
SHELL='/bin/bash'
STRIP='strip'
VERSION='unknown'
ac_ct_AR='ar'
ac_ct_CC='gcc'
ac_ct_DUMPBIN=''
am__EXEEXT_FALSE=''
am__EXEEXT_TRUE='#'
am__fastdepCC_FALSE='#'
am__fastdepCC_TRUE=''
am__include='include'
am__isrc=''
am__leading_dot='.'
am__nodep='_no'
am__quote=''
am__tar='$${TAR-tar} chof - "$$tardir"'
am__untar='$${TAR-tar} xf -'
bindir='${exec_prefix}/bin'
build='x86_64-pc-linux-gnu'
build_alias=''
build_cpu='x86_64'
build_os='linux-gnu'
build_vendor='pc'
datadir='${datarootdir}'
datarootdir='${prefix}/share'
docdir='${datarootdir}/doc/${PACKAGE_TARNAME}'
dvidir='${docdir}'
exec_prefix='${prefix}'
host='x86_64-pc-linux-gnu'
host_alias=''
host_cpu='x86_64'
host_os='linux-gnu'
host_vendor='pc'
htmldir='${docdir}'
includedir='${prefix}/include'
infodir='${datarootdir}/info'
install_sh='${SHELL} /root/test/rnnoise/install-sh'
libdir='${exec_prefix}/lib'
libexecdir='${exec_prefix}/libexec'
localedir='${datarootdir}/locale'
localstatedir='${prefix}/var'
lrintf_lib=''
mandir='${datarootdir}/man'
mkdir_p='$(MKDIR_P)'
oldincludedir='/usr/include'
pdfdir='${docdir}'
prefix='/usr/local'
program_transform_name='s,x,x,'
psdir='${docdir}'
runstatedir='${localstatedir}/run'
sbindir='${exec_prefix}/sbin'
sharedstatedir='${prefix}/com'
sysconfdir='${prefix}/etc'
target_alias=''

## ----------- ##
## confdefs.h. ##
## ----------- ##

/* confdefs.h */
#define PACKAGE_NAME "rnnoise"
#define PACKAGE_TARNAME "rnnoise"
#define PACKAGE_VERSION "unknown"
#define PACKAGE_STRING "rnnoise unknown"
#define PACKAGE_BUGREPORT "jmvalin@jmvalin.ca"
#define PACKAGE_URL ""
#define STDC_HEADERS 1
#define HAVE_SYS_TYPES_H 1
#define HAVE_SYS_STAT_H 1
#define HAVE_STDLIB_H 1
#define HAVE_STRING_H 1
#define HAVE_MEMORY_H 1
#define HAVE_STRINGS_H 1
#define HAVE_INTTYPES_H 1
#define HAVE_STDINT_H 1
#define HAVE_UNISTD_H 1
#define __EXTENSIONS__ 1
#define _ALL_SOURCE 1
#define _GNU_SOURCE 1
#define _POSIX_PTHREAD_SEMANTICS 1
#define _TANDEM_SOURCE 1
#define HAVE_DLFCN_H 1
#define LT_OBJDIR ".libs/"
#define RNNOISE_BUILD /**/
#define SUPPORT_ATTRIBUTE_VISIBILITY_DEFAULT 1
#define SUPPORT_FLAG_VISIBILITY 1

configure: exit 0
